<?xml version="1.0" encoding="UTF-8"?>
<testsuite xmlns:xsi="http://www.w3.org/2001/XMLSchema-instance" xsi:noNamespaceSchemaLocation="https://maven.apache.org/surefire/maven-surefire-plugin/xsd/surefire-test-report-3.0.xsd" version="3.0" name="com.github.jurisliepins.BEncodeTests" time="0.028" tests="31" errors="0" skipped="0" failures="0">
  <properties>
    <property name="java.specification.version" value="21"/>
    <property name="sun.jnu.encoding" value="UTF-8"/>
    <property name="java.class.path" value="/home/liepij/Projects/bittorrent/bittorrent-bencode/target/test-classes:/home/liepij/Projects/bittorrent/bittorrent-bencode/target/classes:/home/liepij/.m2/repository/org/junit/jupiter/junit-jupiter/5.7.2/junit-jupiter-5.7.2.jar:/home/liepij/.m2/repository/org/junit/jupiter/junit-jupiter-api/5.7.2/junit-jupiter-api-5.7.2.jar:/home/liepij/.m2/repository/org/apiguardian/apiguardian-api/1.1.0/apiguardian-api-1.1.0.jar:/home/liepij/.m2/repository/org/opentest4j/opentest4j/1.2.0/opentest4j-1.2.0.jar:/home/liepij/.m2/repository/org/junit/platform/junit-platform-commons/1.7.2/junit-platform-commons-1.7.2.jar:/home/liepij/.m2/repository/org/junit/jupiter/junit-jupiter-params/5.7.2/junit-jupiter-params-5.7.2.jar:/home/liepij/.m2/repository/org/junit/jupiter/junit-jupiter-engine/5.7.2/junit-jupiter-engine-5.7.2.jar:/home/liepij/.m2/repository/org/junit/platform/junit-platform-engine/1.7.2/junit-platform-engine-1.7.2.jar:"/>
    <property name="java.vm.vendor" value="Ubuntu"/>
    <property name="sun.arch.data.model" value="64"/>
    <property name="java.vendor.url" value="https://ubuntu.com/"/>
    <property name="user.timezone" value="Europe/London"/>
    <property name="os.name" value="Linux"/>
    <property name="java.vm.specification.version" value="21"/>
    <property name="sun.java.launcher" value="SUN_STANDARD"/>
    <property name="user.country" value="GB"/>
    <property name="sun.boot.library.path" value="/usr/lib/jvm/java-21-openjdk-arm64/lib"/>
    <property name="sun.java.command" value="/home/liepij/Projects/bittorrent/bittorrent-bencode/target/surefire/surefirebooter-20240819222318159_6.jar /home/liepij/Projects/bittorrent/bittorrent-bencode/target/surefire 2024-08-19T22-23-10_155-jvmRun1 surefire-20240819222318159_4tmp surefire_1-20240819222318159_5tmp"/>
    <property name="jdk.debug" value="release"/>
    <property name="surefire.test.class.path" value="/home/liepij/Projects/bittorrent/bittorrent-bencode/target/test-classes:/home/liepij/Projects/bittorrent/bittorrent-bencode/target/classes:/home/liepij/.m2/repository/org/junit/jupiter/junit-jupiter/5.7.2/junit-jupiter-5.7.2.jar:/home/liepij/.m2/repository/org/junit/jupiter/junit-jupiter-api/5.7.2/junit-jupiter-api-5.7.2.jar:/home/liepij/.m2/repository/org/apiguardian/apiguardian-api/1.1.0/apiguardian-api-1.1.0.jar:/home/liepij/.m2/repository/org/opentest4j/opentest4j/1.2.0/opentest4j-1.2.0.jar:/home/liepij/.m2/repository/org/junit/platform/junit-platform-commons/1.7.2/junit-platform-commons-1.7.2.jar:/home/liepij/.m2/repository/org/junit/jupiter/junit-jupiter-params/5.7.2/junit-jupiter-params-5.7.2.jar:/home/liepij/.m2/repository/org/junit/jupiter/junit-jupiter-engine/5.7.2/junit-jupiter-engine-5.7.2.jar:/home/liepij/.m2/repository/org/junit/platform/junit-platform-engine/1.7.2/junit-platform-engine-1.7.2.jar:"/>
    <property name="sun.cpu.endian" value="little"/>
    <property name="user.home" value="/home/liepij"/>
    <property name="user.language" value="en"/>
    <property name="java.specification.vendor" value="Oracle Corporation"/>
    <property name="java.version.date" value="2024-07-16"/>
    <property name="java.home" value="/usr/lib/jvm/java-21-openjdk-arm64"/>
    <property name="file.separator" value="/"/>
    <property name="basedir" value="/home/liepij/Projects/bittorrent/bittorrent-bencode"/>
    <property name="java.vm.compressedOopsMode" value="Zero based"/>
    <property name="line.separator" value="&#10;"/>
    <property name="java.specification.name" value="Java Platform API Specification"/>
    <property name="java.vm.specification.vendor" value="Oracle Corporation"/>
    <property name="surefire.real.class.path" value="/home/liepij/Projects/bittorrent/bittorrent-bencode/target/surefire/surefirebooter-20240819222318159_6.jar"/>
    <property name="sun.management.compiler" value="HotSpot 64-Bit Tiered Compilers"/>
    <property name="java.runtime.version" value="21.0.4+7-Ubuntu-1ubuntu222.04"/>
    <property name="user.name" value="liepij"/>
    <property name="stdout.encoding" value="UTF-8"/>
    <property name="path.separator" value=":"/>
    <property name="os.version" value="6.8.0-40-generic"/>
    <property name="java.runtime.name" value="OpenJDK Runtime Environment"/>
    <property name="file.encoding" value="UTF-8"/>
    <property name="java.vm.name" value="OpenJDK 64-Bit Server VM"/>
    <property name="localRepository" value="/home/liepij/.m2/repository"/>
    <property name="java.vendor.url.bug" value="https://bugs.launchpad.net/ubuntu/+source/openjdk-21"/>
    <property name="java.io.tmpdir" value="/tmp"/>
    <property name="idea.version" value="2024.2.1"/>
    <property name="java.version" value="21.0.4"/>
    <property name="user.dir" value="/home/liepij/Projects/bittorrent/bittorrent-bencode"/>
    <property name="os.arch" value="aarch64"/>
    <property name="java.vm.specification.name" value="Java Virtual Machine Specification"/>
    <property name="native.encoding" value="UTF-8"/>
    <property name="java.library.path" value="/usr/java/packages/lib:/usr/lib/aarch64-linux-gnu/jni:/lib/aarch64-linux-gnu:/usr/lib/aarch64-linux-gnu:/usr/lib/jni:/lib:/usr/lib"/>
    <property name="java.vm.info" value="mixed mode, sharing"/>
    <property name="stderr.encoding" value="UTF-8"/>
    <property name="java.vendor" value="Ubuntu"/>
    <property name="java.vm.version" value="21.0.4+7-Ubuntu-1ubuntu222.04"/>
    <property name="sun.io.unicode.encoding" value="UnicodeLittle"/>
    <property name="java.class.version" value="65.0"/>
  </properties>
  <testcase name="shouldEncodeDecodeList" classname="com.github.jurisliepins.BEncodeTests" time="0.002"/>
  <testcase name="shouldDecodeEncodeNegativeInteger" classname="com.github.jurisliepins.BEncodeTests" time="0.0"/>
  <testcase name="shouldDecodeEncodeDictionary" classname="com.github.jurisliepins.BEncodeTests" time="0.0"/>
  <testcase name="shouldThrowWhenDecodingCorruptDictionary" classname="com.github.jurisliepins.BEncodeTests" time="0.0"/>
  <testcase name="shouldEncodeDecodeEmptyDictionary" classname="com.github.jurisliepins.BEncodeTests" time="0.0"/>
  <testcase name="shouldThrowWhenDecodingCorruptString" classname="com.github.jurisliepins.BEncodeTests" time="0.005"/>
  <testcase name="shouldEncodeDecodeNegativeInteger" classname="com.github.jurisliepins.BEncodeTests" time="0.0"/>
  <testcase name="shouldDecodeEncodeList" classname="com.github.jurisliepins.BEncodeTests" time="0.001"/>
  <testcase name="shouldEncodeDecodeStackedList" classname="com.github.jurisliepins.BEncodeTests" time="0.0"/>
  <testcase name="shouldEncodeDecodeUtf8String" classname="com.github.jurisliepins.BEncodeTests" time="0.001"/>
  <testcase name="shouldEncodeDecodeStackedDictionary" classname="com.github.jurisliepins.BEncodeTests" time="0.0"/>
  <testcase name="shouldDecodeEncodeUtf8String" classname="com.github.jurisliepins.BEncodeTests" time="0.0"/>
  <testcase name="shouldDecodeEncodeString" classname="com.github.jurisliepins.BEncodeTests" time="0.001"/>
  <testcase name="shouldDecodeEncodeStackedList" classname="com.github.jurisliepins.BEncodeTests" time="0.0"/>
  <testcase name="shouldEncodeDecodeInteger" classname="com.github.jurisliepins.BEncodeTests" time="0.001"/>
  <testcase name="shouldDecodeEncodeStackedDictionary" classname="com.github.jurisliepins.BEncodeTests" time="0.0"/>
  <testcase name="shouldThrowWhenDecodingCorruptData" classname="com.github.jurisliepins.BEncodeTests" time="0.001"/>
  <testcase name="shouldThrowWhenDecodingCorruptList" classname="com.github.jurisliepins.BEncodeTests" time="0.001"/>
  <testcase name="shouldThrowWhenDecodingCorruptInteger" classname="com.github.jurisliepins.BEncodeTests" time="0.0"/>
  <testcase name="shouldEncodeDecodeString" classname="com.github.jurisliepins.BEncodeTests" time="0.0"/>
  <testcase name="shouldEncodeDecodeZeroInteger" classname="com.github.jurisliepins.BEncodeTests" time="0.001"/>
  <testcase name="shouldEncodeDecodeEmptyList" classname="com.github.jurisliepins.BEncodeTests" time="0.0"/>
  <testcase name="shouldEncodeDecodeEmptyString" classname="com.github.jurisliepins.BEncodeTests" time="0.0"/>
  <testcase name="shouldDecodeEncodeEmptyList" classname="com.github.jurisliepins.BEncodeTests" time="0.001"/>
  <testcase name="shouldDecodeEncodeInteger" classname="com.github.jurisliepins.BEncodeTests" time="0.0"/>
  <testcase name="shouldEncodeDecodeDictionary" classname="com.github.jurisliepins.BEncodeTests" time="0.0"/>
  <testcase name="shouldDecodeEncodeZeroInteger" classname="com.github.jurisliepins.BEncodeTests" time="0.0"/>
  <testcase name="shouldEncodeDecodeSortedDictionary" classname="com.github.jurisliepins.BEncodeTests" time="0.0"/>
  <testcase name="shouldDecodeEncodeSortedDictionary" classname="com.github.jurisliepins.BEncodeTests" time="0.001"/>
  <testcase name="shouldDecodeEncodeEmptyDictionary" classname="com.github.jurisliepins.BEncodeTests" time="0.001"/>
  <testcase name="shouldDecodeEncodeEmptyString" classname="com.github.jurisliepins.BEncodeTests" time="0.0"/>
</testsuite>